=============================================MINDSTORMS ROBOT TESTING LOG==============================================
                                         Created on 2016-11-07 19:03:02.885648                                         


Testing individual: I0
Attempted homing 1 times.

Goal no. 1: (-90, 90, 220)
Robot pos.		Control signal		Busy time
-----------------------------------------------------------------------------------------------------------------------
[-27   0 -18]	[[-1.1   4.77  4.28]]	0
[-8  4 -6]	[[-0.96  4.73  4.45]]	252
[-8  4 -3]	[[-1.    5.19  4.5 ]]	59
[-8  6  7]	[[-0.86  4.51  4.3 ]]	31
[-8  6  8]	[[-0.83  4.33  4.25]]	81
[-8  8  8]	[[-0.82  4.23  4.2 ]]	56
[-8  8  8]	[[-0.82  4.23  4.2 ]]	82
[-8  9  8]	[[-0.82  4.19  4.18]]	34
[-8 10  8]	[[-0.81  4.14  4.15]]	56
[-8 11  8]	[[-0.81  4.09  4.13]]	56
[-8 12  8]	[[-0.8   4.04  4.1 ]]	81
Test finished. Total time: 1252	Final position: (86.67, -12.18, 184.09)	Energy avg: 8.01

Goal no. 2: (90, 15, 300)
Robot pos.		Control signal		Busy time
-----------------------------------------------------------------------------------------------------------------------
[-8 12  8]	[[ -1.54  10.05   5.49]]	0
[-8 14  8]	[[ -1.55  10.01   5.4 ]]	32
[-8 16  8]	[[-1.55  9.96  5.33]]	63
[-8 20  8]	[[-1.55  9.83  5.17]]	57
[-8 22  8]	[[-1.55  9.73  5.1 ]]	81
[-8 24  8]	[[-1.54  9.64  5.03]]	62
[-8 27  8]	[[-1.52  9.41  4.89]]	56
[-8 30  8]	[[-1.5   9.16  4.74]]	37
[-8 33  8]	[[-1.49  8.91  4.59]]	82
[-8 35  8]	[[-1.47  8.75  4.49]]	57
[-8 38  8]	[[-1.46  8.54  4.37]]	56
[-8 41  8]	[[-1.46  8.49  4.29]]	32
[-8 44  9]	[[-1.48  8.44  4.15]]	82
[-8 46  9]	[[-1.48  8.41  4.1 ]]	87
[-8 48  9]	[[-1.48  8.35  4.04]]	58
[-8 51  9]	[[-1.47  8.2   3.94]]	64
[-8 54  9]	[[-1.45  8.05  3.84]]	57
[-8 57  9]	[[-1.42  7.89  3.73]]	82
[-8 59  9]	[[-1.41  7.78  3.66]]	57
[-8 62  9]	[[-1.38  7.62  3.55]]	57
[-8 64  9]	[[-1.37  7.51  3.48]]	58
[-8 66  9]	[[-1.35  7.4   3.41]]	58
[-8 69  9]	[[-1.33  7.24  3.31]]	32
[-8 71  9]	[[-1.31  7.14  3.24]]	32
[-8 73  9]	[[-1.3   7.03  3.17]]	58
[-8 76  9]	[[-1.27  6.87  3.06]]	57
[-8 78  9]	[[-1.26  6.74  2.98]]	58
[-8 80  9]	[[-1.23  6.53  2.87]]	60
[-8 83  9]	[[-1.19  6.2   2.72]]	57
[-8 84  9]	[[-1.18  6.09  2.66]]	82
[-8 86  9]	[[-1.16  5.87  2.56]]	57
[-8 89  9]	[[-1.14  5.65  2.4 ]]	32
[-8 90  9]	[[-1.14  5.59  2.35]]	81
[-8 92  9]	[[-1.14  5.47  2.24]]	57
[-8 93  9]	[[-1.14  5.41  2.19]]	116
[-8 94  9]	[[-1.14  5.35  2.14]]	84
[-8 95  9]	[[-1.14  5.29  2.09]]	57
[-8 96  9]	[[-1.14  5.23  2.03]]	56
[-8 98  9]	[[-1.13  5.12  1.93]]	56
[-8 99  9]	[[-1.13  5.07  1.88]]	84
[-8 99  9]	[[-1.13  5.07  1.88]]	58
[ -8 100   9]	[[-1.13  5.02  1.84]]	32
[ -8 101   9]	[[-1.13  4.96  1.79]]	31
[ -8 102   9]	[[-1.13  4.91  1.74]]	31
Test finished. Total time: 4416	Final position: (140.88, -19.80, 68.90)	Energy avg: 11.88

Goal no. 3: (-50, 135, 70)
Robot pos.		Control signal		Busy time
-----------------------------------------------------------------------------------------------------------------------
[ -8 103   9]	[[ -1.33  10.19   6.81]]	0
[ -8 103   9]	[[ -1.33  10.19   6.81]]	40
[ -8 105   9]	[[ -1.37  10.46   6.9 ]]	56
[ -8 108   9]	[[ -1.42  10.87   7.05]]	31
[ -8 110   9]	[[ -1.46  11.16   7.15]]	57
[ -8 112   9]	[[ -1.51  11.46   7.3 ]]	81
[ -8 114   9]	[[ -1.59  11.78   7.56]]	57
[ -8 116   9]	[[ -1.66  12.09   7.82]]	82
[ -8 119   9]	[[ -1.78  12.55   8.2 ]]	56
[ -8 120   9]	[[ -1.76  12.73   8.24]]	56
[ -8 120   9]	[[ -1.76  12.73   8.24]]	59
[ -8 120   9]	[[ -1.76  12.73   8.24]]	56
[ -8 120   9]	[[ -1.76  12.73   8.24]]	58
[ -8 120   9]	[[ -1.76  12.73   8.24]]	81
Test finished. Total time: 1400	Final position: (127.19, -17.87, 43.77)	Energy avg: 20.15

Goal no. 4: (150, 180, 80)
Robot pos.		Control signal		Busy time
-----------------------------------------------------------------------------------------------------------------------
[ -8 120   9]	[[ 0.25  6.31  9.68]]	0
[ -8 120   9]	[[ 0.25  6.31  9.68]]	30
[ -8 120   9]	[[ 0.25  6.31  9.68]]	80
[ -8 120   9]	[[ 0.25  6.31  9.68]]	62
[ -8 120   9]	[[ 0.25  6.31  9.68]]	58
Test finished. Total time: 500	Final position: (127.19, -17.87, 43.77)	Energy avg: 14.62

Fitness calculated for I0: [1892.0, 221.08562277674733, 13.664014705103716]


Testing individual: I1
Attempted homing 1 times.

Goal no. 1: (-90, 90, 220)
Robot pos.		Control signal		Busy time
-----------------------------------------------------------------------------------------------------------------------
[-8  0  8]	[[ 2.28  9.01  4.34]]	0
[-8  3 -4]	[[ 2.08  9.01  4.55]]	59
[-6  5 -4]	[[ 1.77  8.74  4.39]]	83
[-3  7 -4]	[[ 1.43  8.45  4.22]]	31
[ 3 10 -4]	[[ 0.98  8.    3.92]]	31
[ 7 13 -4]	[[ 0.75  7.58  3.61]]	33
[ 7 15 -4]	[[ 0.62  7.35  3.45]]	65
[ 7 17 -4]	[[ 0.51  7.09  3.3 ]]	81
[ 7 19 -4]	[[ 0.39  6.82  3.15]]	57
[ 7 21 -4]	[[ 0.27  6.54  2.99]]	56
[ 7 24 -4]	[[ 0.05  6.15  2.8 ]]	31
[ 7 26 -4]	[[-0.1   5.9   2.67]]	57
[ 7 28 -4]	[[-0.24  5.64  2.54]]	57
[ 7 30 -4]	[[-0.38  5.39  2.41]]	56
[ 7 32 -4]	[[-0.53  5.13  2.28]]	81
[ 7 33 -4]	[[-0.6   5.    2.22]]	56
[ 7 35 -4]	[[-0.75  4.75  2.09]]	56
[ 7 37 -4]	[[-0.89  4.49  1.96]]	31
[ 7 39 -4]	[[-1.04  4.24  1.83]]	69
[ 7 40 -4]	[[-1.11  4.12  1.77]]	60
[ 6 41 -4]	[[-1.18  4.04  1.73]]	57
[ 6 43 -4]	[[-1.33  3.87  1.64]]	31
[ 6 44 -4]	[[-1.39  3.8   1.61]]	56
[ 6 46 -4]	[[-1.51  3.65  1.53]]	31
[ 6 47 -4]	[[-1.57  3.58  1.49]]	56
[ 6 48 -4]	[[-1.63  3.51  1.45]]	58
[ 6 50 -4]	[[-1.76  3.36  1.37]]	56
[ 6 51 -4]	[[-1.82  3.29  1.33]]	56
[ 6 53 -4]	[[-1.94  3.14  1.26]]	81
[ 6 54 -4]	[[-2.    3.07  1.22]]	61
[ 6 56 -4]	[[-2.12  2.93  1.14]]	57
[ 6 57 -4]	[[-2.18  2.85  1.1 ]]	86
[ 6 58 -4]	[[-2.25  2.78  1.06]]	56
[ 6 60 -4]	[[-2.37  2.64  0.99]]	31
[ 6 60 -4]	[[-2.37  2.64  0.99]]	82
[ 6 61 -4]	[[-2.43  2.56  0.95]]	56
[ 6 62 -4]	[[-2.49  2.49  0.91]]	58
[ 6 63 -4]	[[-2.55  2.42  0.87]]	56
[ 6 64 -4]	[[-2.61  2.35  0.83]]	64
Test finished. Total time: 3900	Final position: (121.44, 12.76, 108.95)	Energy avg: 8.30

Goal no. 2: (90, 15, 300)
Robot pos.		Control signal		Busy time
-----------------------------------------------------------------------------------------------------------------------
[ 6 65 -4]	[[-11.06  11.45   8.88]]	0
[ 6 66 -4]	[[-11.13  11.38   8.86]]	57
[ 3 69 -4]	[[-11.49  11.15   8.85]]	31
[ 0 71 -4]	[[-11.79  10.98   8.86]]	82
[-1 75 -4]	[[-12.11  10.7    8.78]]	30
[-1 78 -4]	[[-12.31  10.5    8.71]]	57
[-1 82 -4]	[[-12.56  10.14   8.54]]	32
[-1 85 -4]	[[-12.71   9.88   8.42]]	58
[-1 88 -4]	[[-12.82   9.64   8.29]]	57
[-1 91 -4]	[[-12.94   9.4    8.17]]	57
[-1 95 -4]	[[-13.09   9.08   8.  ]]	31
[-1 98 -4]	[[-13.13   8.82   7.85]]	56
[ -1 100  -4]	[[-13.     8.59   7.67]]	58
[ -1 102  -4]	[[-12.87   8.36   7.49]]	58
[ -1 105  -4]	[[-12.67   8.02   7.22]]	56
[ -1 107  -4]	[[-12.54   7.8    7.04]]	57
[ -1 109  -4]	[[-12.41   7.57   6.86]]	32
[ -1 111  -4]	[[-12.28   7.34   6.68]]	56
[ -1 113  -4]	[[-12.15   7.12   6.5 ]]	58
[ -1 115  -4]	[[-12.02   6.89   6.32]]	81
[ -1 116  -4]	[[-11.95   6.78   6.23]]	56
[ -1 118  -4]	[[-11.82   6.55   6.05]]	57
[ -1 119  -4]	[[-11.76   6.44   5.97]]	33
[ -1 120  -4]	[[-11.69   6.32   5.88]]	56
[ -1 120  -4]	[[-11.69   6.32   5.88]]	32
[ -1 120  -4]	[[-11.69   6.32   5.88]]	57
[ -1 120  -4]	[[-11.69   6.32   5.88]]	56
Test finished. Total time: 2700	Final position: (100.37, -1.75, 50.20)	Energy avg: 27.67

Goal no. 3: (-50, 135, 70)
Robot pos.		Control signal		Busy time
-----------------------------------------------------------------------------------------------------------------------
[ -1 120  -4]	[[-2.62 -4.09 -2.35]]	0
[ -1 120  -4]	[[-2.62 -4.09 -2.35]]	58
[ -1 118  -4]	[[-2.66 -4.18 -2.47]]	57
[ -1 117  -4]	[[-2.68 -4.22 -2.53]]	56
[ -1 115  -4]	[[-2.73 -4.31 -2.65]]	50
[ -1 113  -4]	[[-2.77 -4.39 -2.77]]	58
[ -1 111  -4]	[[-2.82 -4.46 -2.88]]	56
[ -1 110  -4]	[[-2.85 -4.53 -2.96]]	32
[ -1 108  -4]	[[-2.91 -4.73 -3.14]]	56
[ -1 107  -4]	[[-2.95 -4.83 -3.24]]	61
[ -1 105  -4]	[[-3.01 -5.02 -3.43]]	31
[ -1 103  -4]	[[-3.08 -5.18 -3.59]]	81
[ -1 101  -4]	[[-3.14 -5.1  -3.56]]	57
[ -1 100  -4]	[[-3.17 -5.06 -3.54]]	56
[-1 98 -4]	[[-3.24 -4.98 -3.5 ]]	31
[-1 96 -4]	[[-3.3  -4.89 -3.47]]	31
[-1 94 -4]	[[-3.37 -4.75 -3.38]]	31
[-1 92 -4]	[[-3.42 -4.55 -3.25]]	31
[-1 91 -4]	[[-3.44 -4.45 -3.19]]	56
[-1 89 -4]	[[-3.49 -4.25 -3.06]]	31
[-1 88 -4]	[[-3.51 -4.15 -2.99]]	56
[-1 86 -4]	[[-3.56 -3.96 -2.86]]	31
[-1 84 -4]	[[-3.61 -3.76 -2.73]]	32
[-1 83 -4]	[[-3.64 -3.66 -2.66]]	33
[-1 81 -4]	[[-3.68 -3.46 -2.53]]	57
[-1 80 -4]	[[-3.71 -3.36 -2.46]]	56
[-1 79 -4]	[[-3.73 -3.26 -2.4 ]]	56
[-1 77 -4]	[[-3.78 -3.06 -2.27]]	31
[-1 76 -4]	[[-3.81 -2.96 -2.2 ]]	86
[-1 75 -4]	[[-3.84 -2.83 -2.11]]	33
[-1 73 -4]	[[-3.9  -2.57 -1.95]]	56
[-1 72 -4]	[[-3.94 -2.44 -1.86]]	81
[-1 72 -4]	[[-3.94 -2.44 -1.86]]	56
[-1 70 -4]	[[-4.   -2.17 -1.7 ]]	31
[-1 70 -4]	[[-4.   -2.17 -1.7 ]]	56
[-1 68 -4]	[[-4.07 -1.91 -1.53]]	31
[-1 67 -4]	[[-4.1  -1.78 -1.45]]	89
[-1 67 -4]	[[-4.1  -1.78 -1.45]]	56
[-1 66 -4]	[[-4.13 -1.66 -1.37]]	32
[-1 65 -4]	[[-4.16 -1.53 -1.29]]	56
[-1 64 -4]	[[-4.19 -1.4  -1.21]]	81
Test finished. Total time: 4100	Final position: (122.09, -2.13, 108.95)	Energy avg: 9.53

Goal no. 4: (150, 180, 80)
Robot pos.		Control signal		Busy time
-----------------------------------------------------------------------------------------------------------------------
[-1 63 -4]	[[  5.34 -27.   -11.33]]	0
[-1 62 -4]	[[  5.34 -27.03 -11.36]]	57
[ 3 57 -4]	[[  5.35 -26.93 -11.42]]	56
[11 47 -4]	[[  5.35 -26.72 -11.56]]	57
[17 37 -4]	[[  5.4  -26.32 -11.52]]	81
[21 32 -4]	[[  5.42 -26.01 -11.46]]	81
[28 22 -4]	[[  5.46 -25.44 -11.34]]	31
[35  9 -4]	[[  5.55 -24.93 -11.23]]	31
[39  1 -4]	[[  5.64 -24.66 -11.1 ]]	81
[42 -3 -4]	[[  5.68 -24.42 -10.99]]	66
[45 -2 -4]	[[  5.65 -24.36 -10.97]]	57
[47 -1 -4]	[[  5.63 -24.33 -10.96]]	56
[49 -1 -4]	[[  5.61 -24.26 -10.93]]	33
[49 -1 -4]	[[  5.61 -24.26 -10.93]]	58
[49 -1 -4]	[[  5.61 -24.26 -10.93]]	32
[49 -1 -4]	[[  5.61 -24.26 -10.93]]	81
[49 -1 -4]	[[  5.61 -24.26 -10.93]]	56
[49 -1 -4]	[[  5.61 -24.26 -10.93]]	56
Test finished. Total time: 1800	Final position: (49.74, 57.23, 163.70)	Energy avg: 40.76

Fitness calculated for I1: [3125.0, 226.07343197475586, 21.562303953913244]


Testing individual: I2
Attempted homing 1 times.

Goal no. 1: (-90, 90, 220)
Robot pos.		Control signal		Busy time
-----------------------------------------------------------------------------------------------------------------------
[-8  1 -6]	[[ 2.88 -0.84 -0.99]]	0
[-8  2 -6]	[[ 2.9  -0.99 -0.95]]	83
[-6  4 -6]	[[ 2.97 -1.24 -0.84]]	56
[-2  5 -6]	[[ 3.   -1.4  -0.69]]	82
[ 4  4 -6]	[[ 3.03 -1.18 -0.67]]	66
[11  2 -6]	[[ 3.05 -0.85 -0.76]]	56
[15  2 -6]	[[ 3.08 -0.89 -0.76]]	108
[20  2 -6]	[[ 3.13 -1.19 -0.65]]	89
[24  2 -6]	[[ 3.06 -1.51 -0.3 ]]	82
[29  2 -6]	[[ 2.96 -1.93  0.19]]	30
[33  2 -6]	[[ 3.26 -2.14  0.23]]	60
[35  2 -6]	[[ 3.39 -2.27  0.26]]	81
[38  2 -6]	[[ 3.46 -2.63  0.42]]	56
[39  2 -6]	[[ 3.48 -2.75  0.47]]	81
[41  2 -6]	[[ 3.53 -2.99  0.57]]	31
[41  2 -6]	[[ 3.53 -2.99  0.57]]	42
[41  2 -6]	[[ 3.53 -2.99  0.57]]	56
[41  2 -6]	[[ 3.53 -2.99  0.57]]	56
[41  2 -6]	[[ 3.53 -2.99  0.57]]	56
[41  2 -6]	[[ 3.53 -2.99  0.57]]	33
Test finished. Total time: 2008	Final position: (60.16, 52.30, 158.18)	Energy avg: 5.61

Goal no. 2: (90, 15, 300)
Robot pos.		Control signal		Busy time
-----------------------------------------------------------------------------------------------------------------------
[41  2 -6]	[[  3.57 -21.16   7.73]]	0
[41  2 -6]	[[  3.57 -21.16   7.73]]	82
[41 -1  7]	[[  3.48 -20.21   7.34]]	56
[41  0 13]	[[  3.43 -19.77   7.15]]	69
[41  1 14]	[[  3.43 -19.69   7.12]]	32
[41  0 14]	[[  3.43 -19.69   7.11]]	31
[41  0 14]	[[  3.43 -19.69   7.11]]	81
[41  0 14]	[[  3.43 -19.69   7.11]]	29
[41  0 14]	[[  3.43 -19.69   7.11]]	56
Test finished. Total time: 900	Final position: (48.00, 41.73, 200.81)	Energy avg: 29.15

Goal no. 3: (-50, 135, 70)
Robot pos.		Control signal		Busy time
-----------------------------------------------------------------------------------------------------------------------
[41  1 14]	[[ 5.37 -0.8  -1.06]]	0
[41  0 11]	[[ 5.39 -0.94 -1.09]]	57
[41  1  1]	[[ 5.55 -1.04 -1.37]]	57
[41  1 -2]	[[ 5.55 -1.01 -1.47]]	82
[41  1 -2]	[[ 5.55 -1.01 -1.47]]	82
[41  1 -2]	[[ 5.55 -1.01 -1.47]]	57
[41  1 -2]	[[ 5.55 -1.01 -1.47]]	57
[41  1 -2]	[[ 5.55 -1.01 -1.47]]	34
[41  1 -2]	[[ 5.55 -1.01 -1.47]]	57
Test finished. Total time: 900	Final position: (58.28, 50.66, 167.33)	Energy avg: 7.42

Goal no. 4: (150, 180, 80)
Robot pos.		Control signal		Busy time
-----------------------------------------------------------------------------------------------------------------------
[41  1 -2]	[[ 2.85  4.09 -4.35]]	0
[41  1 -2]	[[ 2.85  4.09 -4.35]]	56
[41  3 -2]	[[ 2.89  4.11 -4.38]]	56
[41  5 -2]	[[ 2.93  4.12 -4.41]]	56
[41  7 -2]	[[ 2.97  4.13 -4.43]]	33
[41  8 -2]	[[ 2.99  4.14 -4.44]]	81
[41  9 -2]	[[ 3.01  4.14 -4.46]]	30
[41  9 -2]	[[ 3.01  4.14 -4.46]]	31
[41 10 -2]	[[ 3.03  4.15 -4.47]]	31
[41 11 -2]	[[ 3.05  4.15 -4.48]]	32
Test finished. Total time: 1000	Final position: (66.86, 58.12, 162.62)	Energy avg: 10.93

Fitness calculated for I2: [1202.0, 153.76171808866258, 13.275965071803366]


Testing individual: I3
Attempted homing 1 times.

Goal no. 1: (-90, 90, 220)
Robot pos.		Control signal		Busy time
-----------------------------------------------------------------------------------------------------------------------
[-10   1  -9]	[[-20.77  34.71 -24.9 ]]	0
[-8  3 -6]	[[-20.8   34.2  -25.08]]	58
[-8 11 -6]	[[-22.11  33.37 -25.75]]	32
[-8 23 -6]	[[-23.72  32.68 -26.72]]	32
[-8 32 -6]	[[-24.78  32.37 -27.43]]	57
[-8 43 -6]	[[-25.64  31.99 -28.41]]	32
[-8 55 -6]	[[-24.87  31.85 -29.87]]	33
[-8 69 -6]	[[-23.27  32.17 -31.89]]	64
[-8 77 -6]	[[-22.63  32.22 -32.87]]	83
[-8 85 -6]	[[-21.99  32.28 -33.85]]	57
[-8 97 -6]	[[-20.81  32.33 -35.29]]	69
[ -8 106  -6]	[[-19.8   32.35 -36.36]]	58
[ -8 117  -6]	[[-18.57  32.38 -37.67]]	56
[ -8 125  -6]	[[-17.67  32.41 -38.63]]	57
[ -8 125  -6]	[[-17.67  32.41 -38.63]]	56
[ -8 125  -6]	[[-17.67  32.41 -38.63]]	56
[ -8 125  -6]	[[-17.67  32.41 -38.63]]	81
[ -8 125  -6]	[[-17.67  32.41 -38.63]]	55
[ -8 125  -6]	[[-17.67  32.41 -38.63]]	56
Test finished. Total time: 1900	Final position: (90.98, -12.79, 48.43)	Energy avg: 84.14

Goal no. 2: (90, 15, 300)
Robot pos.		Control signal		Busy time
-----------------------------------------------------------------------------------------------------------------------
[ -8 125  -6]	[[-40.    40.   -22.12]]	0
[ -8 125  -6]	[[-40.    40.   -22.12]]	56
[ -8 125  -6]	[[-40.    40.   -22.12]]	56
[ -8 125  -6]	[[-40.    40.   -22.12]]	59
[ -8 125  -6]	[[-40.    40.   -22.12]]	82
Test finished. Total time: 500	Final position: (90.98, -12.79, 48.43)	Energy avg: 91.91

Goal no. 3: (-50, 135, 70)
Robot pos.		Control signal		Busy time
-----------------------------------------------------------------------------------------------------------------------
[ -8 125  -6]	[[  5.31  14.84 -38.42]]	0
[ -6 125  -6]	[[  5.32  14.88 -38.37]]	32
[  1 125  -6]	[[  5.3   14.83 -38.27]]	57
[  7 125  -6]	[[  5.27  14.73 -38.21]]	55
[ 13 125  -6]	[[  5.24  14.61 -38.17]]	57
[ 17 125  -6]	[[  5.22  14.54 -38.13]]	56
[ 23 125  -6]	[[  5.19  14.42 -38.08]]	57
[ 26 125  -6]	[[  5.18  14.36 -38.06]]	57
[ 31 125  -6]	[[  5.15  14.26 -38.02]]	58
[ 33 125  -6]	[[  5.14  14.22 -38.  ]]	82
[ 35 125  -6]	[[  5.14  14.2  -38.01]]	57
[ 38 125  -6]	[[  5.13  14.17 -38.05]]	31
[ 38 125  -6]	[[  5.13  14.17 -38.05]]	81
[ 38 125  -6]	[[  5.13  14.17 -38.05]]	81
[ 38 125  -6]	[[  5.13  14.17 -38.05]]	62
[ 38 125  -6]	[[  5.13  14.17 -38.05]]	31
[ 39 125  -6]	[[  5.13  14.16 -38.06]]	82
Test finished. Total time: 1700	Final position: (71.40, 57.82, 48.43)	Energy avg: 56.03

Goal no. 4: (150, 180, 80)
Robot pos.		Control signal		Busy time
-----------------------------------------------------------------------------------------------------------------------
[ 39 125  -6]	[[ -1.48  11.51 -23.16]]	0
[ 39 125  -6]	[[ -1.48  11.51 -23.16]]	56
[ 37 125  -6]	[[ -1.57  11.48 -23.07]]	56
[ 33 125  -6]	[[ -2.08  11.48 -22.61]]	57
[ 32 125  -6]	[[ -2.41  11.57 -22.31]]	81
[ 28 125  -6]	[[ -3.6   11.84 -21.3 ]]	35
[ 27 125  -6]	[[ -3.88  11.9  -21.1 ]]	81
[ 25 125  -6]	[[ -4.4   11.98 -20.76]]	81
[ 22 125  -6]	[[ -5.14  12.1  -20.27]]	57
[ 19 125  -6]	[[ -5.98  12.12 -19.9 ]]	57
[ 17 125  -6]	[[ -6.77  11.94 -19.92]]	64
[ 15 125  -6]	[[ -7.56  11.77 -19.93]]	56
[ 14 125  -6]	[[ -7.96  11.68 -19.94]]	68
[ 12 125  -6]	[[ -8.75  11.5  -19.95]]	57
[ 11 125  -6]	[[ -9.14  11.42 -19.95]]	81
[  9 125  -6]	[[ -9.88  11.29 -19.97]]	36
[  8 125  -6]	[[-10.23  11.24 -19.97]]	56
[  6 125  -6]	[[-11.04  11.25 -19.97]]	81
[  4 125  -6]	[[-12.09  11.27 -20.13]]	81
[  2 125  -6]	[[-13.12  11.31 -20.33]]	56
[  0 125  -6]	[[-14.15  11.35 -20.53]]	31
[  0 125  -6]	[[-14.15  11.35 -20.53]]	56
[  0 125  -6]	[[-14.15  11.35 -20.53]]	31
[  0 125  -6]	[[-14.15  11.35 -20.53]]	56
[  0 125  -6]	[[-14.15  11.35 -20.53]]	56
[  0 125  -6]	[[-14.15  11.35 -20.53]]	56
Test finished. Total time: 2600	Final position: (91.87, 0.00, 48.43)	Energy avg: 39.68

Fitness calculated for I3: [1675.0, 215.01886638429602, 67.93784334402271]


Testing individual: I4
Attempted homing 1 times.

Goal no. 1: (-90, 90, 220)
Robot pos.		Control signal		Busy time
-----------------------------------------------------------------------------------------------------------------------
[-9  1 -6]	[[ -2.56 -17.01  -9.61]]	0
[-8  2 -6]	[[ -2.51 -16.89  -9.55]]	83
[-8  0 -6]	[[ -2.46 -17.01  -9.52]]	61
[-8 -1 -6]	[[ -2.44 -17.07  -9.51]]	31
[-8  0 -6]	[[ -2.46 -17.01  -9.52]]	86
[-8  0 -6]	[[ -2.46 -17.01  -9.52]]	31
[-8  0 -6]	[[ -2.46 -17.01  -9.52]]	56
[-8  0 -6]	[[ -2.46 -17.01  -9.52]]	81
Test finished. Total time: 800	Final position: (76.92, -10.81, 158.97)	Energy avg: 27.20

Goal no. 2: (90, 15, 300)
Robot pos.		Control signal		Busy time
-----------------------------------------------------------------------------------------------------------------------
[-8  0 -6]	[[ -2.23 -19.3  -12.83]]	0
[-8  0 -6]	[[ -2.23 -19.3  -12.83]]	81
[-8  0 -6]	[[ -2.23 -19.3  -12.83]]	61
[-8  0 -6]	[[ -2.23 -19.3  -12.83]]	56
[-8  0 -6]	[[ -2.23 -19.3  -12.83]]	65
Test finished. Total time: 500	Final position: (76.92, -10.81, 158.97)	Energy avg: 30.92

Goal no. 3: (-50, 135, 70)
Robot pos.		Control signal		Busy time
-----------------------------------------------------------------------------------------------------------------------
[-8  0 -6]	[[-2.38 -7.2  -4.62]]	0
[-8  0 -6]	[[-2.38 -7.2  -4.62]]	82
[-8  0 -6]	[[-2.38 -7.2  -4.62]]	29
[-8  0 -6]	[[-2.38 -7.2  -4.62]]	55
[-8  0 -6]	[[-2.38 -7.2  -4.62]]	32
Test finished. Total time: 500	Final position: (76.92, -10.81, 158.97)	Energy avg: 12.78

Goal no. 4: (150, 180, 80)
Robot pos.		Control signal		Busy time
-----------------------------------------------------------------------------------------------------------------------
[-8  0 -6]	[[ 30.77  17.53   8.78]]	0
[-8  0 -6]	[[ 30.77  17.53   8.78]]	85
[10  2  4]	[[ 28.73  16.09   8.04]]	31
[42  8 20]	[[ 23.39  11.6    6.14]]	31
[68 13 23]	[[ 20.05   8.68   5.44]]	56
[83 17 23]	[[ 18.51   7.3    5.3 ]]	81
[93 20 23]	[[ 17.51   6.66   5.52]]	56
[99 22 23]	[[ 16.76   6.09   5.57]]	56
[103  24  23]	[[ 16.23   5.74   5.62]]	56
[104  27  23]	[[ 16.05   5.78   5.73]]	31
[104  29  23]	[[ 16.     5.88   5.81]]	81
[104  30  23]	[[ 15.98   5.94   5.84]]	87
[104  31  23]	[[ 15.96   5.99   5.88]]	61
[104  33  23]	[[ 15.92   6.09   5.96]]	32
[104  35  23]	[[ 15.88   6.21   6.04]]	56
[104  37  23]	[[ 15.83   6.32   6.12]]	56
[104  39  23]	[[ 15.81   6.43   6.19]]	57
[104  42  23]	[[ 15.83   6.57   6.3 ]]	56
[104  44  23]	[[ 15.97   6.66   6.33]]	56
[104  46  23]	[[ 16.11   6.76   6.36]]	83
[104  48  23]	[[ 16.26   6.85   6.39]]	56
[104  51  23]	[[ 16.49   6.97   6.44]]	35
[104  53  23]	[[ 16.64   7.05   6.48]]	56
[104  55  23]	[[ 16.79   7.13   6.51]]	56
[104  59  23]	[[ 17.1    7.29   6.58]]	56
[104  61  23]	[[ 17.02   7.19   6.6 ]]	81
[104  63  23]	[[ 16.84   7.     6.61]]	65
[104  66  23]	[[ 16.66   6.71   6.64]]	31
[104  69  23]	[[ 16.48   6.42   6.67]]	57
[104  71  23]	[[ 16.36   6.23   6.69]]	81
[104  73  23]	[[ 16.24   6.06   6.71]]	56
[104  75  23]	[[ 16.1    5.9    6.72]]	31
[104  77  23]	[[ 15.98   5.81   6.56]]	56
[104  79  23]	[[ 15.98   5.79   6.44]]	31
[104  81  23]	[[ 16.02   5.76   6.33]]	58
[104  83  23]	[[ 16.07   5.72   6.23]]	56
[104  85  23]	[[ 16.11   5.69   6.12]]	56
[104  86  23]	[[ 16.13   5.67   6.07]]	56
[104  88  23]	[[ 16.18   5.63   5.96]]	31
[104  90  23]	[[ 16.23   5.59   5.85]]	31
[104  92  23]	[[ 16.27   5.55   5.74]]	56
[104  94  23]	[[ 16.3    5.5    5.62]]	31
[104  96  23]	[[ 16.22   5.35   5.44]]	56
[104  98  23]	[[ 16.14   5.2    5.26]]	31
[104  99  23]	[[ 16.1    5.13   5.17]]	56
[104 101  23]	[[ 16.02   4.98   4.99]]	57
[104 102  23]	[[ 15.98   4.91   4.9 ]]	81
[104 104  23]	[[ 15.9    4.76   4.72]]	31
[104 105  23]	[[ 15.86   4.69   4.63]]	31
[104 106  23]	[[ 15.81   4.63   4.54]]	60
[104 107  23]	[[ 15.77   4.57   4.45]]	81
[104 109  23]	[[ 15.67   4.46   4.27]]	56
[104 109  23]	[[ 15.67   4.46   4.27]]	115
[104 110  23]	[[ 15.63   4.4    4.18]]	59
[104 111  23]	[[ 15.58   4.34   4.1 ]]	56
[104 113  23]	[[ 15.46   4.19   3.9 ]]	56
[104 114  23]	[[ 15.39   4.1    3.81]]	81
[104 115  23]	[[ 15.32   4.01   3.73]]	56
[104 116  23]	[[ 15.25   3.92   3.64]]	43
[104 117  23]	[[ 15.19   3.83   3.56]]	56
[104 118  23]	[[ 15.12   3.74   3.48]]	56
Test finished. Total time: 6115	Final position: (-39.02, 156.51, 47.73)	Energy avg: 28.83

Fitness calculated for I4: [1978.75, 188.57092638103884, 24.93426364452841]
