=============================================MINDSTORMS ROBOT TESTING LOG==============================================
                                         Created on 2016-11-07 19:04:03.671718                                         


Testing individual: C3
Attempted homing 1 times.

Goal no. 1: (-90, 90, 220)
Robot pos.		Control signal		Busy time
-----------------------------------------------------------------------------------------------------------------------
[-116    1   -6]	[[ 15.47  40.   -36.32]]	0
[-8  2 -6]	[[ 11.81  29.89 -33.76]]	90
[ 2  8 -6]	[[ 11.87  27.78 -34.1 ]]	57
[15 18 -6]	[[ 11.51  25.79 -34.87]]	82
[26 25 -6]	[[ 10.57  25.58 -35.69]]	80
[35 32 -6]	[[  9.78  25.43 -36.37]]	57
[47 43 -6]	[[  8.72  25.38 -37.27]]	32
[54 54 -6]	[[  8.17  25.63 -38.24]]	56
[57 62 -6]	[[  8.26  24.75 -38.81]]	94
[58 68 -6]	[[  8.41  24.1  -39.17]]	80
[58 76 -6]	[[  8.7   23.14 -39.58]]	70
[58 87 -6]	[[  9.2   21.31 -40.  ]]	32
[58 94 -6]	[[  9.53  20.1  -40.  ]]	69
[ 58 101  -6]	[[  9.85  18.9  -40.  ]]	57
[ 58 109  -6]	[[ 10.22  17.52 -40.  ]]	57
[ 58 115  -6]	[[ 10.5   16.49 -40.  ]]	87
[ 58 118  -6]	[[ 10.64  15.98 -40.  ]]	57
[ 58 122  -6]	[[ 10.91  15.28 -40.  ]]	31
[ 58 122  -6]	[[ 10.91  15.28 -40.  ]]	58
[ 58 122  -6]	[[ 10.91  15.28 -40.  ]]	82
[ 58 122  -6]	[[ 10.91  15.28 -40.  ]]	55
[ 58 122  -6]	[[ 10.91  15.28 -40.  ]]	57
[ 58 122  -6]	[[ 10.91  15.28 -40.  ]]	57
Test finished. Total time: 2300	Final position: (50.09, 80.16, 50.37)	Energy avg: 69.10

Goal no. 2: (90, 15, 300)
Robot pos.		Control signal		Busy time
-----------------------------------------------------------------------------------------------------------------------
[ 58 122  -6]	[[ -0.83  26.04 -25.09]]	0
[ 58 122  -6]	[[ -0.83  26.04 -25.09]]	56
[ 58 122  -6]	[[ -0.83  26.04 -25.09]]	31
[ 57 122  -6]	[[ -0.87  26.17 -25.04]]	56
[ 57 122  -6]	[[ -0.87  26.17 -25.04]]	31
Test finished. Total time: 500	Final position: (51.48, 79.27, 50.37)	Energy avg: 46.81

Goal no. 3: (-50, 135, 70)
Robot pos.		Control signal		Busy time
-----------------------------------------------------------------------------------------------------------------------
[ 57 122  -6]	[[ 12.07   6.93 -36.7 ]]	0
[ 57 122  -6]	[[ 12.07   6.93 -36.7 ]]	82
[ 60 122  -6]	[[ 12.34   6.85 -36.7 ]]	57
[ 60 122  -6]	[[ 12.34   6.85 -36.7 ]]	70
[ 60 122  -6]	[[ 12.34   6.85 -36.7 ]]	82
[ 61 122  -6]	[[ 12.42   6.82 -36.71]]	81
[ 61 122  -6]	[[ 12.42   6.82 -36.71]]	56
[ 61 122  -6]	[[ 12.42   6.82 -36.71]]	31
Test finished. Total time: 800	Final position: (45.83, 82.67, 50.37)	Energy avg: 52.37

Goal no. 4: (150, 180, 80)
Robot pos.		Control signal		Busy time
-----------------------------------------------------------------------------------------------------------------------
[ 61 122  -6]	[[ 10.87   3.02 -18.95]]	0
[ 61 122  -6]	[[ 10.87   3.02 -18.95]]	58
[ 61 122  -6]	[[ 10.87   3.02 -18.95]]	31
[ 61 122  -6]	[[ 10.87   3.02 -18.95]]	31
[ 61 122  -6]	[[ 10.87   3.02 -18.95]]	56
Test finished. Total time: 500	Final position: (45.83, 82.67, 50.37)	Energy avg: 29.56

Fitness calculated for C3: [1025.0, 184.3474849085085, 49.45702888612378]


Testing individual: C0
Attempted homing 1 times.

Goal no. 1: (-90, 90, 220)
Robot pos.		Control signal		Busy time
-----------------------------------------------------------------------------------------------------------------------
[-8  2 -6]	[[-30.79  12.85   3.22]]	0
[-8  3 -6]	[[-30.8   12.59   3.2 ]]	108
[-8  5  3]	[[-30.23  13.07   3.16]]	60
[-8  9 14]	[[-29.88  13.4    2.98]]	33
[-8 14 20]	[[-30.03  13.19   2.77]]	56
[-8 17 20]	[[-30.11  12.48   2.7 ]]	81
[-8 22 20]	[[-30.23  11.25   2.61]]	40
[-8 25 20]	[[-30.3   10.51   2.56]]	56
[-8 29 20]	[[-30.39   9.53   2.49]]	34
[-8 33 20]	[[-30.48   8.59   2.43]]	56
[-8 36 20]	[[-30.53   8.01   2.42]]	81
[-8 39 20]	[[-30.61   7.51   2.44]]	56
[-8 42 20]	[[-30.7    7.07   2.45]]	57
[-8 45 20]	[[-30.76   6.63   2.48]]	56
[-8 47 20]	[[-30.79   6.35   2.5 ]]	56
[-8 50 20]	[[-30.83   5.94   2.53]]	31
[-8 52 20]	[[-30.85   5.67   2.55]]	56
[-8 55 20]	[[-30.88   5.25   2.58]]	31
[-8 57 20]	[[-30.89   4.96   2.61]]	81
[-8 59 20]	[[-30.9    4.66   2.63]]	60
[-8 61 20]	[[-30.91   4.37   2.66]]	61
[-8 63 20]	[[-30.92   4.09   2.69]]	56
[-8 65 20]	[[-30.99   3.91   2.72]]	81
[-8 67 20]	[[-31.06   3.74   2.76]]	81
[-8 68 20]	[[-31.09   3.65   2.78]]	56
[-8 69 20]	[[-31.12   3.56   2.79]]	57
[-8 71 20]	[[-31.16   3.39   2.78]]	56
[-8 72 20]	[[-31.17   3.29   2.77]]	56
[-8 73 20]	[[-31.19   3.19   2.76]]	56
[-8 75 20]	[[-31.17   3.02   2.74]]	31
[-8 76 20]	[[-31.16   2.93   2.74]]	56
[-8 78 20]	[[-31.14   2.76   2.72]]	56
[-8 79 20]	[[-31.14   2.69   2.71]]	56
[-8 80 20]	[[-31.14   2.66   2.69]]	56
[-8 81 20]	[[-31.14   2.62   2.68]]	57
[-8 82 20]	[[-31.14   2.58   2.66]]	31
[-8 84 20]	[[-31.19   2.6    2.64]]	56
[-8 84 20]	[[-31.19   2.6    2.64]]	81
[-8 86 20]	[[-31.27   2.69   2.63]]	45
[-8 87 20]	[[-31.3    2.73   2.63]]	89
[-8 88 20]	[[-31.34   2.77   2.62]]	56
[-8 89 20]	[[-31.38   2.81   2.62]]	56
[-8 90 20]	[[-31.42   2.85   2.62]]	31
[-8 91 20]	[[-31.46   2.89   2.61]]	56
Test finished. Total time: 4408	Final position: (166.47, -23.40, 97.41)	Energy avg: 38.85

Goal no. 2: (90, 15, 300)
Robot pos.		Control signal		Busy time
-----------------------------------------------------------------------------------------------------------------------
[-8 93 20]	[[-40.    40.     5.23]]	0
[-8 93 20]	[[-40.    40.     5.23]]	82
[-8 98 20]	[[-40.    40.     5.11]]	56
[ -8 112  20]	[[-40.    37.65   4.78]]	56
[ -8 122  20]	[[-40.    35.49   4.58]]	80
[ -8 129  20]	[[-40.    34.02   4.46]]	57
[ -8 129  20]	[[-40.    34.02   4.46]]	57
[ -8 129  20]	[[-40.    34.02   4.46]]	32
[ -8 129  20]	[[-40.    34.02   4.46]]	57
[ -8 129  20]	[[-40.    34.02   4.46]]	57
[ -8 129  20]	[[-40.    34.02   4.46]]	56
Test finished. Total time: 1100	Final position: (141.36, -19.87, 28.93)	Energy avg: 77.25

Goal no. 3: (-50, 135, 70)
Robot pos.		Control signal		Busy time
-----------------------------------------------------------------------------------------------------------------------
[ -8 129  20]	[[-24.38   5.87   1.65]]	0
[ -8 129  20]	[[-24.38   5.87   1.65]]	59
[ -8 129  20]	[[-24.38   5.87   1.65]]	60
[ -8 129  20]	[[-24.38   5.87   1.65]]	82
[ -8 129  20]	[[-24.38   5.87   1.65]]	61
Test finished. Total time: 500	Final position: (141.36, -19.87, 28.93)	Energy avg: 28.72

Goal no. 4: (150, 180, 80)
Robot pos.		Control signal		Busy time
-----------------------------------------------------------------------------------------------------------------------
[ -8 129  20]	[[-37.09  20.72   2.53]]	0
[ -8 129  20]	[[-37.09  20.72   2.53]]	83
[ -8 129  20]	[[-37.09  20.72   2.53]]	64
[ -8 129  20]	[[-37.09  20.72   2.53]]	57
[ -8 129  20]	[[-37.09  20.72   2.53]]	56
Test finished. Total time: 499	Final position: (141.36, -19.87, 28.93)	Energy avg: 54.42

Fitness calculated for C0: [1626.75, 260.0445260890494, 49.809669673831294]


Testing individual: C1
Attempted homing 1 times.

Goal no. 1: (-90, 90, 220)
Robot pos.		Control signal		Busy time
-----------------------------------------------------------------------------------------------------------------------
[-8  1  4]	[[ -0.47  26.15   8.43]]	0
[-8  2 -5]	[[  0.36  26.4    7.89]]	57
[-8  8  5]	[[ -0.07  24.96   8.56]]	56
[-8 18 14]	[[ -0.24  22.13   9.34]]	31
[-8 24 14]	[[  0.17  21.15   9.41]]	56
[-8 32 14]	[[  0.73  19.86   9.49]]	31
[-8 40 14]	[[  1.74  17.86   9.98]]	56
[-8 46 14]	[[  3.24  16.13  10.81]]	58
[-4 54 14]	[[  5.17  13.85  11.44]]	33
[ 2 59 14]	[[  6.37  12.48  11.45]]	81
[ 7 64 14]	[[  7.57  11.09  11.57]]	56
[14 68 14]	[[  8.52  10.02  11.35]]	56
[23 74 14]	[[  9.7    8.03  11.24]]	42
[28 77 14]	[[ 10.23   7.07  10.9 ]]	81
[36 81 14]	[[ 10.84   6.02  10.48]]	57
[40 83 14]	[[ 11.13   5.54  10.33]]	81
[46 85 14]	[[ 11.39   5.14   9.94]]	36
[52 88 14]	[[ 11.82   4.42   9.71]]	56
[54 90 14]	[[ 12.15   3.85   9.81]]	56
[57 92 14]	[[ 12.46   3.33   9.78]]	57
[58 93 14]	[[ 12.64   3.05   9.84]]	89
[58 94 14]	[[ 12.82   2.73  10.01]]	57
[58 96 14]	[[ 13.19   2.08  10.35]]	56
[58 97 14]	[[ 13.37   1.76  10.52]]	31
[58 98 14]	[[ 13.55   1.43  10.7 ]]	56
[58 99 14]	[[ 13.73   1.11  10.87]]	81
[58 99 14]	[[ 13.73   1.11  10.87]]	56
[ 58 100  14]	[[ 13.91   0.78  11.04]]	34
Test finished. Total time: 2800	Final position: (81.58, 130.56, 75.01)	Energy avg: 28.00

Goal no. 2: (90, 15, 300)
Robot pos.		Control signal		Busy time
-----------------------------------------------------------------------------------------------------------------------
[ 58 100  14]	[[  4.74 -31.51  18.79]]	0
[ 58 100  14]	[[  4.74 -31.51  18.79]]	57
[58 94 14]	[[  4.08 -31.09  18.57]]	31
[58 82 14]	[[  3.14 -29.85  17.84]]	57
[58 74 14]	[[  2.69 -29.29  17.43]]	82
[58 61 14]	[[  1.9  -28.91  17.07]]	58
[58 52 14]	[[  1.35 -28.64  16.82]]	82
[58 42 14]	[[  0.71 -28.41  16.49]]	81
[58 34 14]	[[  0.05 -28.44  16.02]]	61
[58 24 14]	[[ -0.69 -28.56  15.56]]	57
[58 14 14]	[[ -1.1  -28.57  15.39]]	56
[57  1 14]	[[ -1.35 -28.09  14.99]]	58
[56 -3 14]	[[ -1.38 -27.7   14.9 ]]	82
[53 -2 14]	[[ -1.24 -27.    15.17]]	31
[50 -1 14]	[[ -1.09 -26.31  15.44]]	57
[45 -1 14]	[[ -0.86 -25.05  15.79]]	31
[42 -1 14]	[[ -0.7  -24.14  15.95]]	57
[42 -1 14]	[[ -0.7  -24.14  15.95]]	42
[42 -1 14]	[[ -0.7  -24.14  15.95]]	82
[42 -1 14]	[[ -0.7  -24.14  15.95]]	57
[42 -1 14]	[[ -0.7  -24.14  15.95]]	57
[42 -1 14]	[[ -0.7  -24.14  15.95]]	57
Test finished. Total time: 2200	Final position: (45.96, 41.38, 200.92)	Energy avg: 44.52

Goal no. 3: (-50, 135, 70)
Robot pos.		Control signal		Busy time
-----------------------------------------------------------------------------------------------------------------------
[42 -1 14]	[[-0.23 -5.89  7.73]]	0
[42 -1 14]	[[-0.23 -5.89  7.73]]	58
[42 -1 14]	[[-0.23 -5.89  7.73]]	88
[42 -1 14]	[[-0.23 -5.89  7.73]]	55
[42 -1 14]	[[-0.23 -5.89  7.73]]	53
Test finished. Total time: 500	Final position: (45.96, 41.38, 200.92)	Energy avg: 12.46

Goal no. 4: (150, 180, 80)
Robot pos.		Control signal		Busy time
-----------------------------------------------------------------------------------------------------------------------
[42 -1 14]	[[  8.1  -40.    33.57]]	0
[44 -1 14]	[[  7.94 -40.    33.43]]	58
[49 -1 28]	[[  8.32 -40.    32.98]]	34
[55 -1 54]	[[  6.42 -40.    31.63]]	33
[59 -1 71]	[[  3.02 -40.    29.8 ]]	59
[62 -1 96]	[[ -1.84 -40.    26.92]]	58
[ 62  -1 118]	[[ -5.36 -40.    26.56]]	57
[ 59  -1 124]	[[ -6.29 -40.    26.68]]	57
[ 53  -1 124]	[[ -5.91 -40.    27.02]]	63
[ 44  -1 124]	[[ -5.37 -40.    27.47]]	36
[ 38  -1 124]	[[ -4.96 -40.    27.78]]	57
[ 30  -1 124]	[[ -4.7 -40.   28. ]]	61
[ 26  -1 124]	[[ -4.58 -40.    28.07]]	82
[ 23  -1 124]	[[ -4.5  -40.    28.12]]	57
[ 18  -1 124]	[[ -4.35 -40.    28.2 ]]	58
[ 16  -1 124]	[[ -4.29 -40.    28.24]]	81
[ 14  -1 124]	[[ -4.23 -40.    28.27]]	39
[ 14  -1 124]	[[ -4.23 -40.    28.27]]	32
[ 13  -1 124]	[[ -4.2  -40.    28.29]]	56
[ 13  -1 124]	[[ -4.2  -40.    28.29]]	32
[ 13  -1 124]	[[ -4.2  -40.    28.29]]	57
[ 13  -1 124]	[[ -4.2  -40.    28.29]]	57
Test finished. Total time: 2200	Final position: (-141.72, -32.72, 220.58)	Energy avg: 72.24

Fitness calculated for C1: [1925.0, 228.6722303469806, 39.30572965716321]


Testing individual: C2
Attempted homing 1 times.

Goal no. 1: (-90, 90, 220)
Robot pos.		Control signal		Busy time
-----------------------------------------------------------------------------------------------------------------------
[-5  0 -6]	[[-0.65  1.88 -4.42]]	0
[-8  0 -6]	[[-0.82  1.96 -4.42]]	83
[-8  0 -6]	[[-0.82  1.96 -4.42]]	36
[-8  1 -6]	[[-0.73  1.88 -4.41]]	56
[-8  1 -6]	[[-0.73  1.88 -4.41]]	57
[-8  1 -6]	[[-0.73  1.88 -4.41]]	56
[-8  1 -6]	[[-0.73  1.88 -4.41]]	31
Test finished. Total time: 700	Final position: (77.93, -10.95, 158.58)	Energy avg: 6.56

Goal no. 2: (90, 15, 300)
Robot pos.		Control signal		Busy time
-----------------------------------------------------------------------------------------------------------------------
[-8  1 -6]	[[-7.53 -2.1  -4.98]]	0
[-8  1 -6]	[[-7.53 -2.1  -4.98]]	57
[-8  0 -6]	[[-7.55 -2.12 -4.97]]	31
[-8  0 -6]	[[-7.55 -2.12 -4.97]]	82
[-8  0 -6]	[[-7.55 -2.12 -4.97]]	56
Test finished. Total time: 500	Final position: (76.92, -10.81, 158.97)	Energy avg: 13.17

Goal no. 3: (-50, 135, 70)
Robot pos.		Control signal		Busy time
-----------------------------------------------------------------------------------------------------------------------
[-8  0 -6]	[[-1.51  2.15 -1.14]]	0
[-8  0 -6]	[[-1.51  2.15 -1.14]]	108
[-8  0 -6]	[[-1.51  2.15 -1.14]]	86
[-8  1 -6]	[[-1.4   2.16 -1.07]]	56
[-8  2 -6]	[[-1.29  2.16 -0.98]]	56
Test finished. Total time: 508	Final position: (78.94, -11.09, 158.18)	Energy avg: 4.18

Goal no. 4: (150, 180, 80)
Robot pos.		Control signal		Busy time
-----------------------------------------------------------------------------------------------------------------------
[-8  2 -6]	[[-13.67  11.32  -4.02]]	0
[-8  2 -6]	[[-13.67  11.32  -4.02]]	32
[-8  4 -6]	[[-13.59  11.21  -4.03]]	58
[-8  8 -6]	[[-13.34  11.03  -4.08]]	56
[-8 12 -6]	[[-12.92  10.79  -3.97]]	64
[-8 14 -6]	[[-12.72  10.61  -3.9 ]]	82
[-8 18 -6]	[[-12.31  10.21  -3.73]]	57
[-8 22 -6]	[[-11.9    9.8   -3.57]]	57
[-8 25 -6]	[[-11.59   9.49  -3.45]]	87
[-8 28 -6]	[[-11.28   9.18  -3.32]]	56
[-8 30 -6]	[[-11.07   8.96  -3.25]]	82
[-8 34 -6]	[[-10.6    8.35  -3.21]]	29
[-8 36 -6]	[[-10.36   8.04  -3.19]]	58
[-8 40 -6]	[[-9.89  7.42 -3.15]]	58
[-8 43 -6]	[[-9.53  6.96 -3.12]]	57
[-8 46 -6]	[[-9.18  6.49 -3.09]]	83
[-8 48 -6]	[[-8.93  6.17 -3.09]]	61
[-8 51 -6]	[[-8.55  5.68 -3.12]]	73
[-8 53 -6]	[[-8.3   5.35 -3.15]]	83
[-8 55 -6]	[[-8.05  5.01 -3.17]]	34
[-8 58 -6]	[[-7.67  4.52 -3.21]]	44
[-8 60 -6]	[[-7.41  4.19 -3.23]]	62
[-8 62 -6]	[[-7.16  3.86 -3.25]]	57
[-8 64 -6]	[[-6.91  3.53 -3.28]]	108
[-8 66 -6]	[[-6.68  3.19 -3.3 ]]	88
[-8 66 -6]	[[-6.68  3.19 -3.3 ]]	94
[-8 68 -6]	[[-6.45  2.86 -3.32]]	59
[-8 69 -6]	[[-6.34  2.69 -3.33]]	56
[-8 70 -6]	[[-6.22  2.53 -3.34]]	81
[-8 71 -6]	[[-6.11  2.36 -3.35]]	69
[-8 72 -6]	[[-5.99  2.19 -3.36]]	91
[-8 73 -6]	[[-5.88  2.03 -3.37]]	59
Test finished. Total time: 3208	Final position: (117.57, -16.52, 96.52)	Energy avg: 19.17

Fitness calculated for C2: [1229.0, 190.76344400324294, 10.770637663513295]


Testing individual: C4
Attempted homing 1 times.

Goal no. 1: (-90, 90, 220)
Robot pos.		Control signal		Busy time
-----------------------------------------------------------------------------------------------------------------------
[-8  1 -6]	[[  5.05 -18.96 -14.94]]	0
[-8  2 -6]	[[  5.07 -18.96 -14.95]]	83
[-4 -1 -6]	[[  5.01 -18.94 -14.89]]	56
[ 6 -1 -6]	[[  4.96 -18.88 -14.81]]	74
[13 -1 -6]	[[  4.92 -18.84 -14.76]]	88
[18 -1 -6]	[[  4.9  -18.83 -14.73]]	56
[24 -1 -6]	[[  4.89 -18.87 -14.74]]	33
[32 -1 -6]	[[  4.92 -18.7  -14.53]]	31
[34 -1 -6]	[[  4.93 -18.66 -14.47]]	57
[40 -1 -6]	[[  4.94 -18.56 -14.34]]	31
[43 -1 -6]	[[  4.92 -18.43 -14.26]]	81
[44 -1 -6]	[[  4.91 -18.38 -14.23]]	83
[46 -1 -6]	[[  4.89 -18.29 -14.17]]	69
[46 -1 -6]	[[  4.89 -18.29 -14.17]]	56
[46 -1 -6]	[[  4.89 -18.29 -14.17]]	63
[46 -1 -6]	[[  4.89 -18.29 -14.17]]	56
[46 -1 -6]	[[  4.89 -18.29 -14.17]]	31
[46 -1 -6]	[[  4.89 -18.29 -14.17]]	33
Test finished. Total time: 1806	Final position: (53.24, 55.13, 159.34)	Energy avg: 36.85

Goal no. 2: (90, 15, 300)
Robot pos.		Control signal		Busy time
-----------------------------------------------------------------------------------------------------------------------
[46 -1 -6]	[[  9.73 -27.   -19.67]]	0
[48 -1 -6]	[[  9.72 -26.89 -19.64]]	32
[52 -1 -6]	[[  9.68 -26.68 -19.6 ]]	56
[57 -1 -6]	[[  9.64 -26.42 -19.54]]	56
[61 -1 -6]	[[  9.61 -26.21 -19.49]]	82
[64 -1 -6]	[[  9.58 -26.06 -19.46]]	61
[67 -1 -6]	[[  9.56 -25.9  -19.42]]	62
[68 -1 -6]	[[  9.55 -25.85 -19.41]]	81
[68 -1 -6]	[[  9.55 -25.85 -19.41]]	56
[68 -1 -6]	[[  9.55 -25.85 -19.41]]	57
[68 -1 -6]	[[  9.55 -25.85 -19.41]]	56
[68 -1 -6]	[[  9.55 -25.85 -19.41]]	56
Test finished. Total time: 1200	Final position: (28.71, 71.06, 159.34)	Energy avg: 53.01

Goal no. 3: (-50, 135, 70)
Robot pos.		Control signal		Busy time
-----------------------------------------------------------------------------------------------------------------------
[68 -1 -6]	[[ 2.14 -4.39 -4.27]]	0
[68 -1 -6]	[[ 2.14 -4.39 -4.27]]	56
[68 -1 -6]	[[ 2.14 -4.39 -4.27]]	31
[68 -1 -6]	[[ 2.14 -4.39 -4.27]]	57
[68 -1 -6]	[[ 2.14 -4.39 -4.27]]	31
Test finished. Total time: 500	Final position: (28.71, 71.06, 159.34)	Energy avg: 9.72

Goal no. 4: (150, 180, 80)
Robot pos.		Control signal		Busy time
-----------------------------------------------------------------------------------------------------------------------
[68 -1 -6]	[[  3.77 -16.21  -9.72]]	0
[68 -1 -6]	[[  3.77 -16.21  -9.72]]	33
[68 -1 -6]	[[  3.77 -16.21  -9.72]]	57
[68 -1 -6]	[[  3.77 -16.21  -9.72]]	31
[68 -1 -6]	[[  3.77 -16.21  -9.72]]	57
Test finished. Total time: 500	Final position: (28.71, 71.06, 159.34)	Energy avg: 26.73

Fitness calculated for C4: [1001.5, 159.80751185104106, 31.578422112560865]
