=============================================MINDSTORMS ROBOT TESTING LOG==============================================
                                         Created on 2016-11-07 19:07:22.712012                                         


Testing individual: C2
Attempted homing 1 times.

Goal no. 1: (-90, 90, 220)
Robot pos.		Control signal		Busy time
-----------------------------------------------------------------------------------------------------------------------
[-85   0  -7]	[[ 5.19  5.02 -3.87]]	0
[-8  2 -6]	[[ 6.3   4.73 -5.05]]	67
[-3  5 -6]	[[ 6.67  4.37 -5.29]]	31
[ 5  6 -6]	[[ 7.15  4.   -5.86]]	66
[14  7 -6]	[[ 7.54  3.79 -6.46]]	32
[27  8 -6]	[[ 8.06  3.57 -7.29]]	55
[35  9 -6]	[[ 8.39  3.4  -7.77]]	82
[47 10 -6]	[[ 8.8   2.74 -8.01]]	57
[53 10 -6]	[[ 8.91  2.47 -7.98]]	82
[57 10 -6]	[[ 8.97  2.36 -7.93]]	55
[64 10 -6]	[[ 9.08  2.15 -7.84]]	32
[68 10 -6]	[[ 9.17  1.98 -7.83]]	57
[72 10 -6]	[[ 9.28  1.78 -7.85]]	32
[75 10 -6]	[[ 9.37  1.63 -7.86]]	57
[77 10 -6]	[[ 9.42  1.52 -7.87]]	57
[79 10 -6]	[[ 9.48  1.42 -7.88]]	32
[79 10 -6]	[[ 9.48  1.42 -7.88]]	58
[79 10 -6]	[[ 9.48  1.42 -7.88]]	57
[80 10 -6]	[[ 9.51  1.37 -7.89]]	32
[80 10 -6]	[[ 9.51  1.37 -7.89]]	57
[80 10 -6]	[[ 9.51  1.37 -7.89]]	82
Test finished. Total time: 2100	Final position: (15.21, 86.25, 154.31)	Energy avg: 17.90

Goal no. 2: (90, 15, 300)
Robot pos.		Control signal		Busy time
-----------------------------------------------------------------------------------------------------------------------
[80 10 -6]	[[ 13.74 -19.25 -14.47]]	0
[80  9 -6]	[[ 13.78 -19.2  -14.43]]	60
[84  1 -6]	[[ 14.1  -19.24 -14.55]]	54
[87 -1 -6]	[[ 14.16 -19.51 -14.82]]	81
[91  0 -6]	[[ 14.05 -19.98 -15.35]]	56
[94  0 -6]	[[ 14.03 -20.24 -15.72]]	81
[96  0 -6]	[[ 14.   -20.42 -15.96]]	81
[100   0  -6]	[[ 14.1  -20.61 -16.12]]	56
[102   0  -6]	[[ 14.15 -20.7  -16.18]]	57
[103   0  -6]	[[ 14.17 -20.75 -16.21]]	54
[103   0  -6]	[[ 14.17 -20.75 -16.21]]	81
[103   0  -6]	[[ 14.17 -20.75 -16.21]]	62
[103   0  -6]	[[ 14.17 -20.75 -16.21]]	56
[103   0  -6]	[[ 14.17 -20.75 -16.21]]	56
Test finished. Total time: 1400	Final position: (-17.47, 75.68, 158.97)	Energy avg: 48.07

Goal no. 3: (-50, 135, 70)
Robot pos.		Control signal		Busy time
-----------------------------------------------------------------------------------------------------------------------
[103   0  -6]	[[ 7.5  -8.81 -7.23]]	0
[103   0  -6]	[[ 7.5  -8.81 -7.23]]	82
[103   0  -6]	[[ 7.5  -8.81 -7.23]]	57
[103   0  -6]	[[ 7.5  -8.81 -7.23]]	81
[103   0  -6]	[[ 7.5  -8.81 -7.23]]	56
Test finished. Total time: 500	Final position: (-17.47, 75.68, 158.97)	Energy avg: 21.19

Goal no. 4: (150, 180, 80)
Robot pos.		Control signal		Busy time
-----------------------------------------------------------------------------------------------------------------------
[103   0  -6]	[[ -3.4  -10.39  -1.23]]	0
[103   0  -6]	[[ -3.4  -10.39  -1.23]]	34
[98  0 -6]	[[ -3.65 -10.27  -1.12]]	56
[90  0 -6]	[[ -4.01 -10.17  -1.02]]	32
[83  0 -6]	[[ -4.18 -10.51  -1.22]]	61
[77  0 -6]	[[ -4.33 -10.8   -1.4 ]]	56
[69  0 -6]	[[ -4.29 -11.19  -1.85]]	31
[63  0 -6]	[[ -3.99 -11.6   -2.41]]	58
[56  0 -6]	[[ -3.56 -12.19  -3.21]]	56
[51  0 -6]	[[ -3.2  -12.69  -3.89]]	56
[47  0 -6]	[[ -2.92 -12.98  -4.35]]	69
[42  0 -6]	[[ -2.59 -13.24  -4.87]]	32
[39  0 -6]	[[ -2.39 -13.41  -5.18]]	57
[37  0 -6]	[[ -2.26 -13.51  -5.39]]	58
[36  0 -6]	[[ -2.19 -13.57  -5.49]]	88
[36  0 -6]	[[ -2.19 -13.57  -5.49]]	81
[36  0 -6]	[[ -2.19 -13.57  -5.49]]	61
[36  0 -6]	[[ -2.19 -13.57  -5.49]]	56
[36  0 -6]	[[ -2.19 -13.57  -5.49]]	31
Test finished. Total time: 1900	Final position: (62.84, 45.65, 158.97)	Energy avg: 18.19

Fitness calculated for C2: [1475.0, 150.45581361768427, 26.335792787503728]


Testing individual: C3
Attempted homing 1 times.

Goal no. 1: (-90, 90, 220)
Robot pos.		Control signal		Busy time
-----------------------------------------------------------------------------------------------------------------------
[-9  1 -6]	[[  2.18  -8.27 -23.24]]	0
[-8  3 -6]	[[  2.01  -8.14 -22.98]]	95
[-5  2 -6]	[[  1.96  -7.84 -23.14]]	56
[-1  0 -6]	[[  1.94  -7.45 -23.44]]	56
[ 5  1 -6]	[[  1.69  -7.45 -23.25]]	56
[10  1 -6]	[[  1.53  -7.5  -23.07]]	56
[14  0 -6]	[[  1.48  -7.52 -23.08]]	56
[19  0 -6]	[[  1.32  -7.63 -22.91]]	31
[23  1 -6]	[[  1.15  -8.02 -22.74]]	56
[27  0 -6]	[[  1.12  -8.36 -22.95]]	83
[31  1 -6]	[[  1.07  -8.69 -22.91]]	56
[33  1 -6]	[[  1.05  -8.85 -22.96]]	59
[37  0 -6]	[[  1.06  -9.15 -23.19]]	56
[40  1 -6]	[[  1.01  -9.38 -23.14]]	56
[43  0 -6]	[[  1.02  -9.56 -23.36]]	56
[46  1 -6]	[[  0.97  -9.73 -23.33]]	56
[47  0 -6]	[[  0.99  -9.79 -23.48]]	56
[47  0 -6]	[[  0.99  -9.79 -23.48]]	56
[47  0 -6]	[[  0.99  -9.79 -23.48]]	56
[47  0 -6]	[[  0.99  -9.79 -23.48]]	56
[47  0 -6]	[[  0.99  -9.79 -23.48]]	56
Test finished. Total time: 2100	Final position: (52.97, 56.81, 158.97)	Energy avg: 32.38

Goal no. 2: (90, 15, 300)
Robot pos.		Control signal		Busy time
-----------------------------------------------------------------------------------------------------------------------
[47  0 -6]	[[ 1.8   2.39 -3.49]]	0
[47  0 -6]	[[ 1.8   2.39 -3.49]]	86
[48  1 -6]	[[ 1.77  2.18 -3.51]]	81
[48  3 -6]	[[ 1.73  1.95 -3.39]]	56
[48  4 -6]	[[ 1.71  1.83 -3.34]]	81
[48  5 -6]	[[ 1.7   1.71 -3.28]]	57
[48  6 -6]	[[ 1.68  1.59 -3.22]]	55
[48  6 -6]	[[ 1.68  1.59 -3.22]]	31
[48  6 -6]	[[ 1.68  1.59 -3.22]]	81
Test finished. Total time: 900	Final position: (56.02, 62.21, 156.38)	Energy avg: 6.63

Goal no. 3: (-50, 135, 70)
Robot pos.		Control signal		Busy time
-----------------------------------------------------------------------------------------------------------------------
[48  6 -6]	[[  0.45  -9.93 -11.57]]	0
[48  6 -6]	[[  0.45  -9.93 -11.57]]	57
[48  2 -6]	[[  0.47 -10.09 -12.  ]]	56
[48  0 -6]	[[  0.48 -10.16 -12.22]]	56
[48  0 -6]	[[  0.48 -10.16 -12.22]]	56
[48  0 -6]	[[  0.48 -10.16 -12.22]]	32
[48  0 -6]	[[  0.48 -10.16 -12.22]]	83
[48  0 -6]	[[  0.48 -10.16 -12.22]]	56
[48  0 -6]	[[  0.48 -10.16 -12.22]]	57
Test finished. Total time: 907	Final position: (51.97, 57.72, 158.97)	Energy avg: 21.19

Goal no. 4: (150, 180, 80)
Robot pos.		Control signal		Busy time
-----------------------------------------------------------------------------------------------------------------------
[48  0 -6]	[[  2.3  -16.69 -18.26]]	0
[48  0 -6]	[[  2.3  -16.69 -18.26]]	83
[49  0 -6]	[[  2.27 -16.72 -18.24]]	41
[50  0 -6]	[[  2.25 -16.76 -18.22]]	82
[53  0 -6]	[[  2.16 -16.98 -18.29]]	62
[53  0 -6]	[[  2.16 -16.98 -18.29]]	81
[53  0 -6]	[[  2.16 -16.98 -18.29]]	32
[53  0 -6]	[[  2.16 -16.98 -18.29]]	82
[53  0 -6]	[[  2.16 -16.98 -18.29]]	57
[53  0 -6]	[[  2.16 -16.98 -18.29]]	82
Test finished. Total time: 1000	Final position: (46.74, 62.03, 158.97)	Energy avg: 35.48

Fitness calculated for C3: [1226.75, 161.32285356627864, 23.921574675713877]


Testing individual: C1
Attempted homing 3 times.

Goal no. 1: (-90, 90, 220)
Robot pos.		Control signal		Busy time
-----------------------------------------------------------------------------------------------------------------------
[ -5   0 -59]	[[ 0.59  1.33  3.43]]	0
[-8  2 -6]	[[ 0.94  2.86  2.74]]	58
[-8  4  5]	[[ 1.04  2.99  2.55]]	56
[-8  5 13]	[[ 1.05  2.92  2.53]]	81
[-7  5 15]	[[ 1.05  2.95  2.45]]	56
[-4  6 15]	[[ 1.01  3.05  2.14]]	56
[ 2  6 15]	[[ 0.98  3.26  1.63]]	56
[ 7  6 15]	[[ 0.95  3.03  1.19]]	62
[ 8  6 15]	[[ 0.94  2.99  1.1 ]]	56
[ 8  6 15]	[[ 0.94  2.99  1.1 ]]	57
[ 8  6 15]	[[ 0.94  2.99  1.1 ]]	39
[ 8  6 15]	[[ 0.94  2.99  1.1 ]]	57
[ 8  6 15]	[[ 0.94  2.99  1.1 ]]	82
Test finished. Total time: 1300	Final position: (72.52, 10.19, 201.50)	Energy avg: 5.49

Goal no. 2: (90, 15, 300)
Robot pos.		Control signal		Busy time
-----------------------------------------------------------------------------------------------------------------------
[ 8  6 15]	[[-0.16  4.42  2.61]]	0
[ 8  6 15]	[[-0.16  4.42  2.61]]	57
[ 8  6 15]	[[-0.16  4.42  2.61]]	57
[ 8  6 15]	[[-0.16  4.42  2.61]]	56
[ 8  6 15]	[[-0.16  4.42  2.61]]	94
Test finished. Total time: 500	Final position: (72.52, 10.19, 201.50)	Energy avg: 6.48

Goal no. 3: (-50, 135, 70)
Robot pos.		Control signal		Busy time
-----------------------------------------------------------------------------------------------------------------------
[ 8  6 15]	[[-0.16  0.26  2.45]]	0
[ 8  6 15]	[[-0.16  0.26  2.45]]	32
[ 8  6 15]	[[-0.16  0.26  2.45]]	57
[ 8  6 15]	[[-0.16  0.26  2.45]]	57
[ 8  6 15]	[[-0.16  0.26  2.45]]	57
Test finished. Total time: 500	Final position: (72.52, 10.19, 201.50)	Energy avg: 2.58

Goal no. 4: (150, 180, 80)
Robot pos.		Control signal		Busy time
-----------------------------------------------------------------------------------------------------------------------
[ 8  6 15]	[[ 1.77  4.29  2.44]]	0
[ 8  6 15]	[[ 1.77  4.29  2.44]]	81
[10  6 15]	[[ 1.8   4.35  2.44]]	31
[13  7 15]	[[ 1.87  4.47  2.44]]	81
[16  7 15]	[[ 1.93  4.56  2.43]]	81
[20  8 15]	[[ 2.02  4.72  2.44]]	58
[25  9 15]	[[ 2.09  4.95  2.51]]	57
[28 10 15]	[[ 2.14  5.1   2.55]]	81
[32 10 15]	[[ 2.2   5.27  2.59]]	61
[35 11 15]	[[ 2.25  5.42  2.63]]	56
[39 13 15]	[[ 2.32  5.64  2.69]]	56
[42 14 15]	[[ 2.37  5.8   2.73]]	56
[44 15 15]	[[ 2.4   5.91  2.76]]	56
[46 16 15]	[[ 2.44  6.02  2.79]]	56
[46 18 15]	[[ 2.46  6.08  2.8 ]]	56
[46 20 15]	[[ 2.48  6.14  2.82]]	56
[46 21 15]	[[ 2.49  6.17  2.83]]	81
[46 23 15]	[[ 2.51  6.23  2.84]]	81
[46 25 15]	[[ 2.53  6.29  2.86]]	56
[46 26 15]	[[ 2.54  6.32  2.87]]	94
[46 28 15]	[[ 2.56  6.38  2.89]]	57
[46 30 15]	[[ 2.58  6.44  2.9 ]]	31
[46 32 15]	[[ 2.6   6.5   2.92]]	56
[46 34 15]	[[ 2.62  6.56  2.94]]	56
[46 35 15]	[[ 2.63  6.59  2.95]]	64
[46 38 15]	[[ 2.66  6.68  2.97]]	31
[46 40 15]	[[ 2.68  6.74  2.99]]	56
[46 42 15]	[[ 2.7   6.8   3.01]]	86
[46 43 15]	[[ 2.71  6.83  3.01]]	56
[46 45 15]	[[ 2.73  6.9   3.03]]	56
[46 48 15]	[[ 2.76  6.99  3.06]]	31
[46 50 15]	[[ 2.78  7.05  3.07]]	81
[46 53 15]	[[ 2.81  7.13  3.09]]	59
[46 55 15]	[[ 2.83  7.19  3.11]]	81
[46 57 15]	[[ 2.85  7.25  3.13]]	56
[46 60 15]	[[ 2.88  7.34  3.15]]	58
[46 63 15]	[[ 2.91  7.43  3.17]]	31
[46 66 15]	[[ 2.95  7.52  3.2 ]]	58
[46 68 15]	[[ 2.97  7.58  3.21]]	84
[46 70 15]	[[ 2.98  7.63  3.23]]	61
[46 72 15]	[[ 3.    7.69  3.24]]	56
[46 75 15]	[[ 3.02  7.77  3.26]]	60
[46 77 15]	[[ 3.04  7.82  3.28]]	56
[47 79 15]	[[ 3.07  7.92  3.3 ]]	81
[48 82 15]	[[ 3.11  8.04  3.34]]	56
[48 84 15]	[[ 3.12  8.09  3.35]]	82
[48 86 15]	[[ 3.14  8.15  3.36]]	81
[48 88 15]	[[ 3.15  8.2   3.38]]	41
[48 91 15]	[[ 3.18  8.28  3.4 ]]	56
[48 94 15]	[[ 3.2   8.36  3.42]]	56
[48 96 15]	[[ 3.22  8.41  3.44]]	68
[48 98 15]	[[ 3.23  8.47  3.45]]	76
[ 48 100  15]	[[ 3.27  8.52  3.45]]	56
[ 48 102  15]	[[ 3.3   8.58  3.46]]	56
[ 48 105  15]	[[ 3.35  8.67  3.46]]	31
[ 48 107  15]	[[ 3.39  8.72  3.47]]	56
[ 48 109  15]	[[ 3.42  8.78  3.47]]	56
[ 48 111  15]	[[ 3.46  8.84  3.47]]	61
[ 48 113  15]	[[ 3.49  8.89  3.48]]	56
[ 48 114  15]	[[ 3.51  8.92  3.48]]	56
[ 48 117  15]	[[ 3.56  9.01  3.48]]	31
[ 48 118  15]	[[ 3.58  9.04  3.49]]	56
[ 48 120  15]	[[ 3.61  9.09  3.49]]	31
[ 48 120  15]	[[ 3.61  9.09  3.49]]	81
[ 48 120  15]	[[ 3.61  9.09  3.49]]	58
[ 48 120  15]	[[ 3.61  9.09  3.49]]	56
[ 48 120  15]	[[ 3.61  9.09  3.49]]	56
[ 48 120  15]	[[ 3.61  9.09  3.49]]	56
Test finished. Total time: 6800	Final position: (94.83, 105.32, 42.98)	Energy avg: 12.97

Fitness calculated for C1: [2275.0, 150.23322283191558, 6.878079144485007]


Testing individual: C4
Attempted homing 1 times.

Goal no. 1: (-90, 90, 220)
Robot pos.		Control signal		Busy time
-----------------------------------------------------------------------------------------------------------------------
[-2  1 11]	[[ 3.67  0.86  5.9 ]]	0
[-5  4 -2]	[[ 4.96  4.3   8.34]]	57
[ 0  4 -2]	[[ 4.51  2.85  6.58]]	56
[ 7  4 -2]	[[ 3.85  1.    4.27]]	31
[13  4 -2]	[[ 3.38 -0.46  2.41]]	62
[20  4 -2]	[[ 2.72 -2.09  0.36]]	34
[25  4 -2]	[[ 2.07 -3.   -0.7 ]]	82
[29  4 -3]	[[ 1.72 -3.59 -1.32]]	56
[31  3 -3]	[[ 1.56 -3.92 -1.58]]	56
[33  1 -3]	[[ 1.56 -4.15 -1.77]]	31
[34 -1 -3]	[[ 1.73 -4.16 -1.79]]	31
[34 -1 -3]	[[ 1.73 -4.16 -1.79]]	56
[34 -1 -3]	[[ 1.73 -4.16 -1.79]]	56
[34 -1 -3]	[[ 1.73 -4.16 -1.79]]	81
[34 -1 -3]	[[ 1.73 -4.16 -1.79]]	31
[34 -1 -3]	[[ 1.73 -4.16 -1.79]]	57
Test finished. Total time: 1600	Final position: (62.48, 42.14, 165.87)	Energy avg: 8.23

Goal no. 2: (90, 15, 300)
Robot pos.		Control signal		Busy time
-----------------------------------------------------------------------------------------------------------------------
[34 -1 -3]	[[  2.27 -15.34  -9.76]]	0
[34 -1 -3]	[[  2.27 -15.34  -9.76]]	81
[34 -1 -3]	[[  2.27 -15.34  -9.76]]	57
[34 -1 -3]	[[  2.27 -15.34  -9.76]]	57
[34 -1 -3]	[[  2.27 -15.34  -9.76]]	58
Test finished. Total time: 500	Final position: (62.48, 42.14, 165.87)	Energy avg: 24.63

Goal no. 3: (-50, 135, 70)
Robot pos.		Control signal		Busy time
-----------------------------------------------------------------------------------------------------------------------
[34 -1 -3]	[[ 1.69 -2.11 -1.58]]	0
[34 -1 -3]	[[ 1.69 -2.11 -1.58]]	84
[34 -1 -3]	[[ 1.69 -2.11 -1.58]]	56
[34 -1 -3]	[[ 1.69 -2.11 -1.58]]	81
[34 -1 -3]	[[ 1.69 -2.11 -1.58]]	57
Test finished. Total time: 500	Final position: (62.48, 42.14, 165.87)	Energy avg: 4.84

Goal no. 4: (150, 180, 80)
Robot pos.		Control signal		Busy time
-----------------------------------------------------------------------------------------------------------------------
[34 -1 -3]	[[ 2.31 -4.16  1.16]]	0
[34 -1 -3]	[[ 2.31 -4.16  1.16]]	57
[34 -1 -3]	[[ 2.31 -4.16  1.16]]	56
[34 -1 -3]	[[ 2.31 -4.16  1.16]]	63
[34 -1 -3]	[[ 2.31 -4.16  1.16]]	32
Test finished. Total time: 500	Final position: (62.48, 42.14, 165.87)	Energy avg: 6.87

Fitness calculated for C4: [775.0, 166.8394774901584, 11.142273748976686]


Testing individual: C0
Attempted homing 2 times.

Goal no. 1: (-90, 90, 220)
Robot pos.		Control signal		Busy time
-----------------------------------------------------------------------------------------------------------------------
[-20   0 -24]	[[ 3.63  1.14  3.12]]	0
[-6  2  0]	[[ 3.54  0.51  3.96]]	62
[-3  3  9]	[[ 3.47  0.39  4.24]]	83
[ 5  3 17]	[[ 3.18  0.15  4.3 ]]	58
[11  3 17]	[[ 3.15 -0.22  4.34]]	81
[17  3 17]	[[ 3.11 -0.6   4.37]]	57
[22  3 17]	[[ 3.05 -0.88  4.38]]	58
[28  3 17]	[[ 2.96 -1.22  4.39]]	66
[33  3 17]	[[ 2.89 -1.49  4.39]]	58
[38  2 17]	[[ 2.82 -1.71  4.34]]	56
[41  1 17]	[[ 2.77 -1.81  4.31]]	56
[44  1 17]	[[ 2.73 -1.98  4.33]]	56
[46  1 17]	[[ 2.71 -2.09  4.34]]	85
[48  1 17]	[[ 2.68 -2.2   4.36]]	35
[48  1 17]	[[ 2.68 -2.2   4.36]]	57
[48  1 17]	[[ 2.68 -2.2   4.36]]	65
[48  1 17]	[[ 2.68 -2.2   4.36]]	62
[48  1 17]	[[ 2.68 -2.2   4.36]]	56
[48  1 17]	[[ 2.68 -2.2   4.36]]	56
Test finished. Total time: 1900	Final position: (41.57, 46.17, 206.47)	Energy avg: 8.41

Goal no. 2: (90, 15, 300)
Robot pos.		Control signal		Busy time
-----------------------------------------------------------------------------------------------------------------------
[48  1 17]	[[-5.22  7.32  4.86]]	0
[46  1 17]	[[-5.23  7.44  4.88]]	57
[41  3 17]	[[-5.08  7.61  4.94]]	83
[35  6 17]	[[-4.84  7.76  5.01]]	61
[30  8 17]	[[-4.68  7.93  5.07]]	31
[24 10 17]	[[-4.54  8.15  5.13]]	57
[21 12 17]	[[-4.37  8.2   5.17]]	81
[20 13 17]	[[-4.28  8.19  5.19]]	83
[17 16 17]	[[-4.1   8.11  5.22]]	31
[16 19 17]	[[-3.89  7.92  5.25]]	56
[16 21 17]	[[-3.75  7.76  5.25]]	56
[16 23 17]	[[-3.6   7.59  5.26]]	56
[16 25 17]	[[-3.46  7.43  5.27]]	57
[16 28 17]	[[-3.24  7.18  5.29]]	35
[16 29 17]	[[-3.17  7.09  5.29]]	81
[16 32 17]	[[-2.95  6.84  5.3 ]]	30
[16 34 17]	[[-2.8   6.68  5.31]]	36
[16 36 17]	[[-2.66  6.51  5.32]]	57
[16 39 17]	[[-2.44  6.26  5.34]]	31
[16 41 17]	[[-2.29  6.1   5.35]]	68
[16 43 17]	[[-2.15  5.93  5.36]]	56
[16 46 17]	[[-1.93  5.68  5.37]]	81
[16 47 17]	[[-1.86  5.6   5.37]]	111
[16 49 17]	[[-1.71  5.43  5.38]]	58
[16 51 17]	[[-1.56  5.27  5.39]]	31
[16 53 17]	[[-1.49  5.17  5.38]]	31
[16 55 17]	[[-1.43  5.1   5.35]]	31
[16 57 17]	[[-1.38  5.02  5.33]]	57
[16 59 17]	[[-1.33  4.95  5.31]]	57
[16 62 17]	[[-1.25  4.84  5.27]]	56
[16 63 17]	[[-1.22  4.8   5.26]]	58
[16 65 17]	[[-1.15  4.71  5.24]]	56
[16 66 17]	[[-1.12  4.67  5.23]]	56
[16 68 17]	[[-1.07  4.58  5.19]]	60
[16 70 17]	[[-1.02  4.49  5.16]]	66
[16 71 17]	[[-0.99  4.45  5.15]]	70
[16 72 17]	[[-0.96  4.4   5.13]]	81
[16 73 17]	[[-0.94  4.36  5.12]]	61
[16 75 17]	[[-0.89  4.27  5.09]]	56
[16 77 17]	[[-0.83  4.19  5.06]]	56
[16 78 17]	[[-0.81  4.14  5.04]]	56
[16 80 17]	[[-0.75  4.06  5.01]]	56
[16 80 17]	[[-0.75  4.06  5.01]]	81
[16 83 17]	[[-0.68  3.93  4.96]]	31
[16 84 17]	[[-0.65  3.88  4.95]]	88
[16 85 17]	[[-0.62  3.84  4.93]]	56
[16 86 17]	[[-0.6   3.79  4.92]]	31
[16 87 17]	[[-0.57  3.75  4.9 ]]	64
[16 88 17]	[[-0.54  3.71  4.89]]	57
Test finished. Total time: 4911	Final position: (156.35, 44.83, 99.45)	Energy avg: 13.01

Goal no. 3: (-50, 135, 70)
Robot pos.		Control signal		Busy time
-----------------------------------------------------------------------------------------------------------------------
[16 89 17]	[[ 2.25 -4.63  5.77]]	0
[17 90 17]	[[ 2.21 -4.61  5.82]]	32
[21 88 17]	[[ 2.12 -4.5   5.9 ]]	57
[25 86 17]	[[ 2.02 -4.39  5.98]]	81
[28 85 17]	[[ 1.94 -4.31  6.06]]	56
[30 83 17]	[[ 1.89 -4.24  6.09]]	32
[33 80 17]	[[ 1.81 -4.11  6.13]]	31
[33 79 17]	[[ 1.82 -4.11  6.1 ]]	82
[35 77 17]	[[ 1.77 -4.01  6.13]]	56
[36 75 17]	[[ 1.75 -3.95  6.11]]	63
[36 73 17]	[[ 1.77 -3.93  6.06]]	56
[36 71 17]	[[ 1.79 -3.92  6.01]]	57
[36 70 17]	[[ 1.8  -3.91  5.99]]	82
[36 69 17]	[[ 1.81 -3.91  5.96]]	82
[36 67 17]	[[ 1.83 -3.89  5.91]]	31
[36 65 17]	[[ 1.85 -3.87  5.86]]	56
[36 64 17]	[[ 1.85 -3.86  5.84]]	82
[36 62 17]	[[ 1.87 -3.85  5.79]]	82
[36 61 17]	[[ 1.88 -3.84  5.76]]	83
[36 59 17]	[[ 1.89 -3.82  5.72]]	61
[36 58 17]	[[ 1.9  -3.81  5.69]]	70
[36 56 17]	[[ 1.92 -3.79  5.64]]	31
[36 54 17]	[[ 1.93 -3.77  5.59]]	57
[36 53 17]	[[ 1.94 -3.77  5.57]]	107
[36 51 17]	[[ 1.96 -3.75  5.51]]	34
[36 49 17]	[[ 1.97 -3.75  5.43]]	56
[36 48 17]	[[ 1.98 -3.74  5.39]]	56
[36 45 17]	[[ 2.01 -3.73  5.28]]	31
[36 43 17]	[[ 2.03 -3.73  5.2 ]]	56
[36 41 17]	[[ 2.04 -3.71  5.16]]	62
[36 40 17]	[[ 2.05 -3.7   5.14]]	90
[36 38 17]	[[ 2.06 -3.67  5.1 ]]	81
[36 36 17]	[[ 2.07 -3.65  5.06]]	56
[36 35 17]	[[ 2.08 -3.63  5.04]]	61
[36 32 17]	[[ 2.1  -3.51  4.95]]	31
[36 31 17]	[[ 2.11 -3.47  4.92]]	91
[36 29 17]	[[ 2.12 -3.39  4.86]]	58
[36 27 17]	[[ 2.14 -3.31  4.81]]	31
[36 25 17]	[[ 2.15 -3.23  4.75]]	56
[36 23 17]	[[ 2.17 -3.15  4.69]]	56
[36 21 17]	[[ 2.18 -3.07  4.63]]	31
[36 19 17]	[[ 2.2  -2.99  4.58]]	56
[36 17 17]	[[ 2.21 -2.92  4.52]]	86
[36 16 17]	[[ 2.21 -2.88  4.5 ]]	61
[36 14 17]	[[ 2.23 -2.8   4.44]]	31
[36 12 17]	[[ 2.24 -2.72  4.39]]	66
[36 11 17]	[[ 2.25 -2.68  4.36]]	56
[36 10 17]	[[ 2.25 -2.64  4.33]]	56
[36  8 17]	[[ 2.26 -2.56  4.27]]	94
[36  6 17]	[[ 2.26 -2.47  4.24]]	81
[36  5 17]	[[ 2.26 -2.41  4.23]]	56
[36  3 17]	[[ 2.24 -2.35  4.2 ]]	31
[39  2 17]	[[ 2.19 -2.39  4.1 ]]	56
[43  1 17]	[[ 2.12 -2.45  3.98]]	31
[46  1 17]	[[ 2.06 -2.45  3.87]]	56
[48  1 17]	[[ 2.01 -2.44  3.8 ]]	56
[48  1 17]	[[ 2.01 -2.44  3.8 ]]	56
[48  1 17]	[[ 2.01 -2.44  3.8 ]]	56
[48  1 17]	[[ 2.01 -2.44  3.8 ]]	32
[48  1 17]	[[ 2.01 -2.44  3.8 ]]	65
[48  1 17]	[[ 2.01 -2.44  3.8 ]]	35
Test finished. Total time: 6107	Final position: (41.57, 46.17, 206.47)	Energy avg: 10.45

Goal no. 4: (150, 180, 80)
Robot pos.		Control signal		Busy time
-----------------------------------------------------------------------------------------------------------------------
[48  1 17]	[[-6.18  8.66  2.56]]	0
[47  1 17]	[[-6.15  8.64  2.52]]	62
[42  3 17]	[[-6.08  8.59  2.45]]	57
[34  6 17]	[[-6.06  8.64  2.48]]	31
[28  8 17]	[[-6.11  8.76  2.64]]	38
[22 11 17]	[[-6.18  8.83  2.81]]	57
[16 13 17]	[[-6.26  8.83  3.05]]	57
[14 15 17]	[[-6.29  8.8   3.14]]	83
[12 18 17]	[[-6.32  8.75  3.23]]	56
[11 20 17]	[[-6.33  8.72  3.27]]	55
[11 23 17]	[[-6.33  8.66  3.28]]	56
[11 25 17]	[[-6.33  8.62  3.28]]	57
[11 27 17]	[[-6.33  8.58  3.29]]	32
[11 30 17]	[[-6.34  8.52  3.3 ]]	35
[11 33 17]	[[-6.34  8.46  3.31]]	30
[11 35 17]	[[-6.34  8.42  3.31]]	32
[11 38 17]	[[-6.33  8.34  3.32]]	31
[11 41 17]	[[-6.3   8.17  3.29]]	57
[11 44 17]	[[-6.26  8.    3.27]]	69
[11 47 17]	[[-6.22  7.83  3.25]]	55
[11 50 17]	[[-6.19  7.66  3.23]]	62
[11 52 17]	[[-6.17  7.55  3.22]]	59
[11 55 17]	[[-6.13  7.38  3.21]]	32
[11 58 17]	[[-6.15  7.28  3.29]]	32
[11 60 17]	[[-6.17  7.21  3.34]]	57
[11 63 17]	[[-6.18  7.11  3.42]]	33
[11 66 17]	[[-6.15  6.98  3.47]]	57
[11 69 17]	[[-6.13  6.85  3.53]]	57
[11 71 17]	[[-6.12  6.77  3.57]]	62
[11 72 17]	[[-6.11  6.72  3.59]]	61
[11 74 17]	[[-6.1   6.64  3.63]]	57
[11 76 17]	[[-6.08  6.55  3.67]]	57
[11 78 17]	[[-6.07  6.47  3.7 ]]	32
[11 80 17]	[[-6.05  6.38  3.74]]	62
[11 82 17]	[[-6.04  6.3   3.78]]	57
[11 85 17]	[[-6.01  6.17  3.84]]	32
[11 87 17]	[[-6.    6.08  3.88]]	82
[11 89 17]	[[-5.98  6.    3.92]]	82
[11 91 17]	[[-5.97  5.91  3.96]]	60
[11 92 17]	[[-5.96  5.87  3.97]]	83
[11 94 17]	[[-5.95  5.79  4.01]]	32
[11 95 17]	[[-5.94  5.74  4.03]]	57
[11 97 17]	[[-5.92  5.66  4.07]]	57
[11 99 17]	[[-5.91  5.57  4.11]]	31
[ 11 100  17]	[[-5.9   5.53  4.13]]	82
[ 11 101  17]	[[-5.9   5.49  4.15]]	55
[ 11 103  17]	[[-5.88  5.4   4.19]]	57
[ 11 104  17]	[[-5.87  5.36  4.21]]	60
[ 11 105  17]	[[-5.87  5.32  4.22]]	57
[ 11 106  17]	[[-5.86  5.28  4.24]]	82
[ 11 108  17]	[[-5.84  5.19  4.28]]	62
[ 11 109  17]	[[-5.84  5.15  4.3 ]]	57
[ 11 110  17]	[[-5.83  5.1   4.32]]	66
[ 11 111  17]	[[-5.82  5.06  4.34]]	31
[ 11 112  17]	[[-5.81  5.02  4.36]]	57
[ 11 113  17]	[[-5.81  4.98  4.38]]	82
Test finished. Total time: 5600	Final position: (149.62, 29.08, 54.43)	Energy avg: 16.50

Fitness calculated for C0: [4629.5, 173.1393742498415, 12.093404088544187]
